<?xml version="1.0" encoding="UTF-8"?>
<!-- Generated by org.testng.reporters.JUnitXMLReporter -->
<testsuite ignored="1" hostname="DESKTOP-5OLMRSH" failures="0" tests="2" name="Test" time="0.321" errors="0" timestamp="2025-05-28T15:51:45 IST">
  <testcase classname="testBase.BaseClass" name="@BeforeClass launch" time="-1.748427705048E9">
    <failure type="org.testng.TestNGException" message="
Parameter &amp;apos;os&amp;apos; is required by BeforeClass on method launch but has not been marked @Optional or defined
in C:\Users\SIM-IND-0044\eclipse-workspace\SabicAutomationCodes\testng.xml">
      <![CDATA[org.testng.TestNGException: 
Parameter 'os' is required by BeforeClass on method launch but has not been marked @Optional or defined
in C:\Users\SIM-IND-0044\eclipse-workspace\SabicAutomationCodes\testng.xml
at java.base/java.util.ArrayList.forEach(ArrayList.java:1596)
... Removed 22 stack frames]]>
    </failure>
  </testcase> <!-- @BeforeClass launch -->
  <testcase classname="testBase.BaseClass" name="@AfterClass tearDown" time="0.0">
    <skipped/>
  </testcase> <!-- @AfterClass tearDown -->
  <testcase classname="testBase.BaseClass" name="@BeforeClass launch" time="-1.748427705133E9">
    <failure type="org.testng.TestNGException" message="
Parameter &amp;apos;os&amp;apos; is required by BeforeClass on method launch but has not been marked @Optional or defined
in C:\Users\SIM-IND-0044\eclipse-workspace\SabicAutomationCodes\testng.xml">
      <![CDATA[org.testng.TestNGException: 
Parameter 'os' is required by BeforeClass on method launch but has not been marked @Optional or defined
in C:\Users\SIM-IND-0044\eclipse-workspace\SabicAutomationCodes\testng.xml
at java.base/java.util.ArrayList.forEach(ArrayList.java:1596)
... Removed 22 stack frames]]>
    </failure>
  </testcase> <!-- @BeforeClass launch -->
  <testcase classname="testBase.BaseClass" name="@AfterClass tearDown" time="0.0">
    <skipped/>
  </testcase> <!-- @AfterClass tearDown -->
  <testcase classname="testCases.LoginTest" name="LoginTest" time="0.0">
    <skipped/>
  </testcase> <!-- LoginTest -->
  <testcase classname="testCases.CreateUser" name="creatingUser" time="0.0">
    <skipped/>
  </testcase> <!-- creatingUser -->
  <testcase classname="testCases.LoginTest" name="logOut" time="0.0">
    <ignored/>
  </testcase> <!-- logOut -->
</testsuite> <!-- Test -->
